# JRE version: OpenJDK Runtime Environment Temurin-17.0.11+9 (17.0.11+9) (build 17.0.11+9)
# Java VM: OpenJDK 64-Bit Server VM Temurin-17.0.11+9 (17.0.11+9, mixed mode, emulated-client, tiered, compressed oops, compressed class ptrs, g1 gc, windows-amd64)
GC Precious Log:
 CPUs: 6 total, 6 available
 Memory: 7545M
 Large Page Support: Disabled
 NUMA Support: Disabled
 Compressed Oops: Enabled (32-bit)
 Heap Region Size: 1M
 Heap Min Capacity: 8M
 Heap Initial Capacity: 118M
 Heap Max Capacity: 1G
 Pre-touch: Disabled
 Parallel Workers: 6
 Concurrent Workers: 2
 Concurrent Refinement Workers: 6
 Periodic GC: Disabled
Heap:
 garbage-first heap   total 81920K, used 25520K [0x00000000c0000000, 0x0000000100000000)
  region size 1024K, 1 young (1024K), 0 survivors (0K)
 Metaspace       used 40914K, committed 41472K, reserved 1114112K
  class space    used 5214K, committed 5440K, reserved 1048576K
GC Heap History (20 events):
Event: 137288.221 GC heap before
{Heap before GC invocations=1346 (full 1337):
 garbage-first heap   total 81920K, used 25519K [0x00000000c0000000, 0x0000000100000000)
  region size 1024K, 1 young (1024K), 0 survivors (0K)
 Metaspace       used 40914K, committed 41472K, reserved 1114112K
  class space    used 5214K, committed 5440K, reserved 1048576K
}
Event: 137288.247 GC heap after
{Heap after GC invocations=1347 (full 1338):
 garbage-first heap   total 81920K, used 25519K [0x00000000c0000000, 0x0000000100000000)
  region size 1024K, 0 young (0K), 0 survivors (0K)
 Metaspace       used 40914K, committed 41472K, reserved 1114112K
  class space    used 5214K, committed 5440K, reserved 1048576K
}
Event: 137331.124 GC heap before
{Heap before GC invocations=1347 (full 1338):
 garbage-first heap   total 81920K, used 25519K [0x00000000c0000000, 0x0000000100000000)
  region size 1024K, 1 young (1024K), 0 survivors (0K)
 Metaspace       used 40914K, committed 41472K, reserved 1114112K
  class space    used 5214K, committed 5440K, reserved 1048576K
}
Event: 137331.167 GC heap after
{Heap after GC invocations=1348 (full 1339):
 garbage-first heap   total 81920K, used 25520K [0x00000000c0000000, 0x0000000100000000)
  region size 1024K, 0 young (0K), 0 survivors (0K)
 Metaspace       used 40914K, committed 41472K, reserved 1114112K
  class space    used 5214K, committed 5440K, reserved 1048576K
}
Event: 137342.022 GC heap before
{Heap before GC invocations=1348 (full 1339):
 garbage-first heap   total 81920K, used 25520K [0x00000000c0000000, 0x0000000100000000)
  region size 1024K, 1 young (1024K), 0 survivors (0K)
 Metaspace       used 40914K, committed 41472K, reserved 1114112K
  class space    used 5214K, committed 5440K, reserved 1048576K
}
Event: 137342.050 GC heap after
{Heap after GC invocations=1349 (full 1340):
 garbage-first heap   total 81920K, used 25520K [0x00000000c0000000, 0x0000000100000000)
  region size 1024K, 0 young (0K), 0 survivors (0K)
 Metaspace       used 40914K, committed 41472K, reserved 1114112K
  class space    used 5214K, committed 5440K, reserved 1048576K
}
Event: 137353.578 GC heap before
{Heap before GC invocations=1349 (full 1340):
 garbage-first heap   total 81920K, used 25520K [0x00000000c0000000, 0x0000000100000000)
  region size 1024K, 1 young (1024K), 0 survivors (0K)
 Metaspace       used 40914K, committed 41472K, reserved 1114112K
  class space    used 5214K, committed 5440K, reserved 1048576K
}
Event: 137353.629 GC heap after
{Heap after GC invocations=1350 (full 1341):
 garbage-first heap   total 81920K, used 25520K [0x00000000c0000000, 0x0000000100000000)
  region size 1024K, 0 young (0K), 0 survivors (0K)
 Metaspace       used 40914K, committed 41472K, reserved 1114112K
  class space    used 5214K, committed 5440K, reserved 1048576K
}
Event: 137365.817 GC heap before
{Heap before GC invocations=1350 (full 1341):
 garbage-first heap   total 81920K, used 25520K [0x00000000c0000000, 0x0000000100000000)
  region size 1024K, 1 young (1024K), 0 survivors (0K)
 Metaspace       used 40914K, committed 41472K, reserved 1114112K
  class space    used 5214K, committed 5440K, reserved 1048576K
}
Event: 137365.845 GC heap after
{Heap after GC invocations=1351 (full 1342):
 garbage-first heap   total 81920K, used 25520K [0x00000000c0000000, 0x0000000100000000)
  region size 1024K, 0 young (0K), 0 survivors (0K)
 Metaspace       used 40914K, committed 41472K, reserved 1114112K
  class space    used 5214K, committed 5440K, reserved 1048576K
}
Event: 137377.203 GC heap before
{Heap before GC invocations=1351 (full 1342):
 garbage-first heap   total 81920K, used 25520K [0x00000000c0000000, 0x0000000100000000)
  region size 1024K, 1 young (1024K), 0 survivors (0K)
 Metaspace       used 40914K, committed 41472K, reserved 1114112K
  class space    used 5214K, committed 5440K, reserved 1048576K
}
Event: 137377.230 GC heap after
{Heap after GC invocations=1352 (full 1343):
 garbage-first heap   total 81920K, used 25520K [0x00000000c0000000, 0x0000000100000000)
  region size 1024K, 0 young (0K), 0 survivors (0K)
 Metaspace       used 40914K, committed 41472K, reserved 1114112K
  class space    used 5214K, committed 5440K, reserved 1048576K
}
Event: 137388.187 GC heap before
{Heap before GC invocations=1352 (full 1343):
 garbage-first heap   total 81920K, used 25520K [0x00000000c0000000, 0x0000000100000000)
  region size 1024K, 1 young (1024K), 0 survivors (0K)
 Metaspace       used 40914K, committed 41472K, reserved 1114112K
  class space    used 5214K, committed 5440K, reserved 1048576K
}
Event: 137388.216 GC heap after
{Heap after GC invocations=1353 (full 1344):
 garbage-first heap   total 81920K, used 25520K [0x00000000c0000000, 0x0000000100000000)
  region size 1024K, 0 young (0K), 0 survivors (0K)
 Metaspace       used 40914K, committed 41472K, reserved 1114112K
  class space    used 5214K, committed 5440K, reserved 1048576K
}
Event: 137399.995 GC heap before
{Heap before GC invocations=1353 (full 1344):
 garbage-first heap   total 81920K, used 25520K [0x00000000c0000000, 0x0000000100000000)
  region size 1024K, 1 young (1024K), 0 survivors (0K)
 Metaspace       used 40914K, committed 41472K, reserved 1114112K
  class space    used 5214K, committed 5440K, reserved 1048576K
}
Event: 137400.021 GC heap after
{Heap after GC invocations=1354 (full 1345):
 garbage-first heap   total 81920K, used 25520K [0x00000000c0000000, 0x0000000100000000)
  region size 1024K, 0 young (0K), 0 survivors (0K)
 Metaspace       used 40914K, committed 41472K, reserved 1114112K
  class space    used 5214K, committed 5440K, reserved 1048576K
}
Event: 137411.421 GC heap before
{Heap before GC invocations=1354 (full 1345):
 garbage-first heap   total 81920K, used 25520K [0x00000000c0000000, 0x0000000100000000)
  region size 1024K, 1 young (1024K), 0 survivors (0K)
 Metaspace       used 40914K, committed 41472K, reserved 1114112K
  class space    used 5214K, committed 5440K, reserved 1048576K
}
Event: 137411.458 GC heap after
{Heap after GC invocations=1355 (full 1346):
 garbage-first heap   total 81920K, used 25520K [0x00000000c0000000, 0x0000000100000000)
  region size 1024K, 0 young (0K), 0 survivors (0K)
 Metaspace       used 40914K, committed 41472K, reserved 1114112K
  class space    used 5214K, committed 5440K, reserved 1048576K
}
Event: 137423.202 GC heap before
{Heap before GC invocations=1355 (full 1346):
 garbage-first heap   total 81920K, used 25520K [0x00000000c0000000, 0x0000000100000000)
  region size 1024K, 1 young (1024K), 0 survivors (0K)
 Metaspace       used 40914K, committed 41472K, reserved 1114112K
  class space    used 5214K, committed 5440K, reserved 1048576K
}
Event: 137423.227 GC heap after
{Heap after GC invocations=1356 (full 1347):
 garbage-first heap   total 81920K, used 25520K [0x00000000c0000000, 0x0000000100000000)
  region size 1024K, 0 young (0K), 0 survivors (0K)
 Metaspace       used 40914K, committed 41472K, reserved 1114112K
  class space    used 5214K, committed 5440K, reserved 1048576K
}

