# JRE version: OpenJDK Runtime Environment Temurin-17.0.11+9 (17.0.11+9) (build 17.0.11+9)
# Java VM: OpenJDK 64-Bit Server VM Temurin-17.0.11+9 (17.0.11+9, mixed mode, emulated-client, tiered, compressed oops, compressed class ptrs, g1 gc, windows-amd64)
GC Precious Log:
 CPUs: 6 total, 6 available
 Memory: 7545M
 Large Page Support: Disabled
 NUMA Support: Disabled
 Compressed Oops: Enabled (32-bit)
 Heap Region Size: 1M
 Heap Min Capacity: 8M
 Heap Initial Capacity: 118M
 Heap Max Capacity: 1G
 Pre-touch: Disabled
 Parallel Workers: 6
 Concurrent Workers: 2
 Concurrent Refinement Workers: 6
 Periodic GC: Disabled
Heap:
 garbage-first heap   total 78848K, used 25469K [0x00000000c0000000, 0x0000000100000000)
  region size 1024K, 1 young (1024K), 0 survivors (0K)
 Metaspace       used 40884K, committed 41408K, reserved 1114112K
  class space    used 5217K, committed 5440K, reserved 1048576K
GC Heap History (20 events):
Event: 85.401 GC heap before
{Heap before GC invocations=10 (full 0):
 garbage-first heap   total 78848K, used 36539K [0x00000000c0000000, 0x0000000100000000)
  region size 1024K, 9 young (9216K), 3 survivors (3072K)
 Metaspace       used 41035K, committed 41408K, reserved 1114112K
  class space    used 5255K, committed 5440K, reserved 1048576K
}
Event: 85.432 GC heap after
{Heap after GC invocations=11 (full 1):
 garbage-first heap   total 78848K, used 29068K [0x00000000c0000000, 0x0000000100000000)
  region size 1024K, 0 young (0K), 0 survivors (0K)
 Metaspace       used 41035K, committed 41408K, reserved 1114112K
  class space    used 5255K, committed 5440K, reserved 1048576K
}
Event: 95.648 GC heap before
{Heap before GC invocations=11 (full 1):
 garbage-first heap   total 78848K, used 29068K [0x00000000c0000000, 0x0000000100000000)
  region size 1024K, 1 young (1024K), 0 survivors (0K)
 Metaspace       used 41035K, committed 41408K, reserved 1114112K
  class space    used 5255K, committed 5440K, reserved 1048576K
}
Event: 95.679 GC heap after
{Heap after GC invocations=12 (full 2):
 garbage-first heap   total 78848K, used 28081K [0x00000000c0000000, 0x0000000100000000)
  region size 1024K, 0 young (0K), 0 survivors (0K)
 Metaspace       used 41013K, committed 41408K, reserved 1114112K
  class space    used 5250K, committed 5440K, reserved 1048576K
}
Event: 105.900 GC heap before
{Heap before GC invocations=12 (full 2):
 garbage-first heap   total 78848K, used 28081K [0x00000000c0000000, 0x0000000100000000)
  region size 1024K, 1 young (1024K), 0 survivors (0K)
 Metaspace       used 41013K, committed 41408K, reserved 1114112K
  class space    used 5250K, committed 5440K, reserved 1048576K
}
Event: 105.931 GC heap after
{Heap after GC invocations=13 (full 3):
 garbage-first heap   total 78848K, used 25468K [0x00000000c0000000, 0x0000000100000000)
  region size 1024K, 0 young (0K), 0 survivors (0K)
 Metaspace       used 40884K, committed 41408K, reserved 1114112K
  class space    used 5217K, committed 5440K, reserved 1048576K
}
Event: 116.257 GC heap before
{Heap before GC invocations=13 (full 3):
 garbage-first heap   total 78848K, used 25468K [0x00000000c0000000, 0x0000000100000000)
  region size 1024K, 1 young (1024K), 0 survivors (0K)
 Metaspace       used 40884K, committed 41408K, reserved 1114112K
  class space    used 5217K, committed 5440K, reserved 1048576K
}
Event: 116.280 GC heap after
{Heap after GC invocations=14 (full 4):
 garbage-first heap   total 78848K, used 25469K [0x00000000c0000000, 0x0000000100000000)
  region size 1024K, 0 young (0K), 0 survivors (0K)
 Metaspace       used 40884K, committed 41408K, reserved 1114112K
  class space    used 5217K, committed 5440K, reserved 1048576K
}
Event: 126.488 GC heap before
{Heap before GC invocations=14 (full 4):
 garbage-first heap   total 78848K, used 25469K [0x00000000c0000000, 0x0000000100000000)
  region size 1024K, 1 young (1024K), 0 survivors (0K)
 Metaspace       used 40884K, committed 41408K, reserved 1114112K
  class space    used 5217K, committed 5440K, reserved 1048576K
}
Event: 126.508 GC heap after
{Heap after GC invocations=15 (full 5):
 garbage-first heap   total 78848K, used 25469K [0x00000000c0000000, 0x0000000100000000)
  region size 1024K, 0 young (0K), 0 survivors (0K)
 Metaspace       used 40884K, committed 41408K, reserved 1114112K
  class space    used 5217K, committed 5440K, reserved 1048576K
}
Event: 137.041 GC heap before
{Heap before GC invocations=15 (full 5):
 garbage-first heap   total 78848K, used 25469K [0x00000000c0000000, 0x0000000100000000)
  region size 1024K, 1 young (1024K), 0 survivors (0K)
 Metaspace       used 40884K, committed 41408K, reserved 1114112K
  class space    used 5217K, committed 5440K, reserved 1048576K
}
Event: 137.061 GC heap after
{Heap after GC invocations=16 (full 6):
 garbage-first heap   total 78848K, used 25469K [0x00000000c0000000, 0x0000000100000000)
  region size 1024K, 0 young (0K), 0 survivors (0K)
 Metaspace       used 40884K, committed 41408K, reserved 1114112K
  class space    used 5217K, committed 5440K, reserved 1048576K
}
Event: 147.321 GC heap before
{Heap before GC invocations=16 (full 6):
 garbage-first heap   total 78848K, used 25469K [0x00000000c0000000, 0x0000000100000000)
  region size 1024K, 1 young (1024K), 0 survivors (0K)
 Metaspace       used 40884K, committed 41408K, reserved 1114112K
  class space    used 5217K, committed 5440K, reserved 1048576K
}
Event: 147.343 GC heap after
{Heap after GC invocations=17 (full 7):
 garbage-first heap   total 78848K, used 25469K [0x00000000c0000000, 0x0000000100000000)
  region size 1024K, 0 young (0K), 0 survivors (0K)
 Metaspace       used 40884K, committed 41408K, reserved 1114112K
  class space    used 5217K, committed 5440K, reserved 1048576K
}
Event: 157.640 GC heap before
{Heap before GC invocations=17 (full 7):
 garbage-first heap   total 78848K, used 25469K [0x00000000c0000000, 0x0000000100000000)
  region size 1024K, 1 young (1024K), 0 survivors (0K)
 Metaspace       used 40884K, committed 41408K, reserved 1114112K
  class space    used 5217K, committed 5440K, reserved 1048576K
}
Event: 157.659 GC heap after
{Heap after GC invocations=18 (full 8):
 garbage-first heap   total 78848K, used 25469K [0x00000000c0000000, 0x0000000100000000)
  region size 1024K, 0 young (0K), 0 survivors (0K)
 Metaspace       used 40884K, committed 41408K, reserved 1114112K
  class space    used 5217K, committed 5440K, reserved 1048576K
}
Event: 167.947 GC heap before
{Heap before GC invocations=18 (full 8):
 garbage-first heap   total 78848K, used 25469K [0x00000000c0000000, 0x0000000100000000)
  region size 1024K, 1 young (1024K), 0 survivors (0K)
 Metaspace       used 40884K, committed 41408K, reserved 1114112K
  class space    used 5217K, committed 5440K, reserved 1048576K
}
Event: 167.968 GC heap after
{Heap after GC invocations=19 (full 9):
 garbage-first heap   total 78848K, used 25469K [0x00000000c0000000, 0x0000000100000000)
  region size 1024K, 0 young (0K), 0 survivors (0K)
 Metaspace       used 40884K, committed 41408K, reserved 1114112K
  class space    used 5217K, committed 5440K, reserved 1048576K
}
Event: 178.202 GC heap before
{Heap before GC invocations=19 (full 9):
 garbage-first heap   total 78848K, used 25469K [0x00000000c0000000, 0x0000000100000000)
  region size 1024K, 1 young (1024K), 0 survivors (0K)
 Metaspace       used 40884K, committed 41408K, reserved 1114112K
  class space    used 5217K, committed 5440K, reserved 1048576K
}
Event: 178.224 GC heap after
{Heap after GC invocations=20 (full 10):
 garbage-first heap   total 78848K, used 25469K [0x00000000c0000000, 0x0000000100000000)
  region size 1024K, 0 young (0K), 0 survivors (0K)
 Metaspace       used 40884K, committed 41408K, reserved 1114112K
  class space    used 5217K, committed 5440K, reserved 1048576K
}

